[2026-03-22 18:55:00] Pulling from GitHub...
Already up to date.
[main 257d223] Auto-sync: 2026-03-22 18:55:02
 1 file changed, 2 insertions(+)
 create mode 100644 auto-sync.log
✓ Local changes committed
✓ Sync completed at 2026-03-22 18:55:02
[2026-03-22 19:00:01] Pulling from GitHub...
Already up to date.
[main 2e638b3] Auto-sync: 2026-03-22 19:00:03
 3 files changed, 24 insertions(+)
 create mode 100644 combined-sync.log
✓ Local changes committed
✓ Sync completed at 2026-03-22 19:00:03
[2026-03-22 19:05:00] Pulling from GitHub...
Already up to date.
[main f6f8b4f] Auto-sync: 2026-03-22 19:05:03
 4 files changed, 20 insertions(+)
 create mode 100644 skills-library/.DS_Store
✓ Local changes committed
✓ Sync completed at 2026-03-22 19:05:03
[2026-03-22 19:10:00] Pulling from GitHub...
Already up to date.
[main 2a01593] Auto-sync: 2026-03-22 19:10:02
 3 files changed, 27 insertions(+)
✓ Local changes committed
✓ Sync completed at 2026-03-22 19:10:02
[2026-03-22 19:15:00] Pulling from GitHub...
Already up to date.
[main 65b4f03] Auto-sync: 2026-03-22 19:15:02
 2 files changed, 19 insertions(+)
✓ Local changes committed
✓ Sync completed at 2026-03-22 19:15:02
[2026-03-22 19:20:00] Pulling from GitHub...
Already up to date.
On branch main
Your branch is ahead of 'origin/main' by 5 commits.
  (use "git push" to publish your local commits)

nothing to commit, working tree clean
✓ Local changes committed
✓ Sync completed at 2026-03-22 19:20:02
[2026-03-22 19:25:00] Pulling from GitHub...
Already up to date.
[main edb5316] Auto-sync: 2026-03-22 19:25:02
 1 file changed, 2 insertions(+)
✓ Local changes committed
✓ Sync completed at 2026-03-22 19:25:02
[2026-03-22 19:30:00] Pulling from GitHub...
Already up to date.
✓ Local changes committed
✓ Sync completed at 2026-03-22 19:30:03
[2026-03-22 19:35:00] Pulling from GitHub...
Already up to date.
